[2025-11-07T23:00:10.130+0000] {local_task_job_runner.py:120} INFO - ::group::Pre task execution logs
[2025-11-07T23:00:10.160+0000] {taskinstance.py:2076} INFO - Dependencies all met for dep_context=non-requeueable deps ti=<TaskInstance: spotify_minio_to_snowflake_bronze.load_raw_to_snowflake scheduled__2025-11-07T22:00:00+00:00 [queued]>
[2025-11-07T23:00:10.168+0000] {taskinstance.py:2076} INFO - Dependencies all met for dep_context=requeueable deps ti=<TaskInstance: spotify_minio_to_snowflake_bronze.load_raw_to_snowflake scheduled__2025-11-07T22:00:00+00:00 [queued]>
[2025-11-07T23:00:10.170+0000] {taskinstance.py:2306} INFO - Starting attempt 1 of 2
[2025-11-07T23:00:10.182+0000] {taskinstance.py:2330} INFO - Executing <Task(PythonOperator): load_raw_to_snowflake> on 2025-11-07 22:00:00+00:00
[2025-11-07T23:00:10.193+0000] {standard_task_runner.py:90} INFO - Running: ['***', 'tasks', 'run', 'spotify_minio_to_snowflake_bronze', 'load_raw_to_snowflake', 'scheduled__2025-11-07T22:00:00+00:00', '--job-id', '14', '--raw', '--subdir', 'DAGS_FOLDER/minio-to-kafka.py', '--cfg-path', '/tmp/tmpfuq9mjd_']
[2025-11-07T23:00:10.196+0000] {standard_task_runner.py:91} INFO - Job 14: Subtask load_raw_to_snowflake
[2025-11-07T23:00:10.197+0000] {logging_mixin.py:188} WARNING - /home/***/.local/lib/python3.12/site-packages/***/task/task_runner/standard_task_runner.py:62 DeprecationWarning: This process (pid=753) is multi-threaded, use of fork() may lead to deadlocks in the child.
[2025-11-07T23:00:10.198+0000] {standard_task_runner.py:64} INFO - Started process 767 to run task
[2025-11-07T23:00:10.265+0000] {task_command.py:426} INFO - Running <TaskInstance: spotify_minio_to_snowflake_bronze.load_raw_to_snowflake scheduled__2025-11-07T22:00:00+00:00 [running]> on host 6633d2863082
[2025-11-07T23:00:10.390+0000] {taskinstance.py:2648} INFO - Exporting env vars: AIRFLOW_CTX_DAG_OWNER='***' AIRFLOW_CTX_DAG_ID='spotify_minio_to_snowflake_bronze' AIRFLOW_CTX_TASK_ID='load_raw_to_snowflake' AIRFLOW_CTX_EXECUTION_DATE='2025-11-07T22:00:00+00:00' AIRFLOW_CTX_TRY_NUMBER='1' AIRFLOW_CTX_DAG_RUN_ID='scheduled__2025-11-07T22:00:00+00:00'
[2025-11-07T23:00:10.392+0000] {taskinstance.py:430} INFO - ::endgroup::
[2025-11-07T23:00:10.422+0000] {connection.py:408} INFO - Snowflake Connector for Python Version: 3.11.0, Python Version: 3.12.4, Platform: Linux-5.15.153.1-microsoft-standard-WSL2-x86_64-with-glibc2.36
[2025-11-07T23:00:10.424+0000] {connection.py:1258} INFO - This connection is in OCSP Fail Open Mode. TLS Certificates would be checked for validity and revocation status. Any other Certificate Revocation related exceptions or OCSP Responder failures would be disregarded in favor of connectivity.
[2025-11-07T23:00:12.111+0000] {cursor.py:1149} INFO - Number of results in first chunk: 1
[2025-11-07T23:00:12.392+0000] {cursor.py:1149} INFO - Number of results in first chunk: 1
[2025-11-07T23:00:12.678+0000] {cursor.py:1149} INFO - Number of results in first chunk: 1
[2025-11-07T23:01:12.306+0000] {cursor.py:1149} INFO - Number of results in first chunk: 1
[2025-11-07T23:01:12.308+0000] {connection.py:773} INFO - closed
[2025-11-07T23:01:12.442+0000] {connection.py:779} INFO - No async queries seem to be running, deleting session
[2025-11-07T23:01:12.540+0000] {logging_mixin.py:188} INFO - ✅ Loaded 110 raw records into Snowflake table: SPOTIFY_EVENTS_BRONZE
[2025-11-07T23:01:12.542+0000] {python.py:237} INFO - Done. Returned value was: None
[2025-11-07T23:01:12.543+0000] {taskinstance.py:441} INFO - ::group::Post task execution logs
[2025-11-07T23:01:12.558+0000] {taskinstance.py:1206} INFO - Marking task as SUCCESS. dag_id=spotify_minio_to_snowflake_bronze, task_id=load_raw_to_snowflake, run_id=scheduled__2025-11-07T22:00:00+00:00, execution_date=20251107T220000, start_date=20251107T230010, end_date=20251107T230112
[2025-11-07T23:01:12.601+0000] {local_task_job_runner.py:243} INFO - Task exited with return code 0
[2025-11-07T23:01:12.621+0000] {taskinstance.py:3503} INFO - 0 downstream tasks scheduled from follow-on schedule check
[2025-11-07T23:01:12.624+0000] {local_task_job_runner.py:222} INFO - ::endgroup::
